<?xml version="1.0" encoding="UTF-8"?>
<!-- Generated by org.testng.reporters.JUnitXMLReporter -->
<testsuite hostname="ATMECSINLT-087" ignored="0" name="Test2" tests="1" failures="1" timestamp="06 Nov 2019 08:16:18 GMT" time="22.242" errors="0">
  <testcase name="tableTesting" time="0.456" classname="com.atmecs.FrameworkTesting.testscripts.TableTest2">
    <failure type="java.lang.NullPointerException">
      <![CDATA[java.lang.NullPointerException
at com.atmecs.FrameworkTesting.reports.Extent.messagePrint(Extent.java:98)
at com.atmecs.FrameworkTesting.reports.LogReport.info(LogReport.java:35)
at com.atmecs.FrameworkTesting.testscripts.TableTest2.tableTesting(TableTest2.java:28)
... Removed 25 stack frames]]>
    </failure>
  </testcase> <!-- tableTesting -->
</testsuite> <!-- Test2 -->
