<?xml version="1.0" encoding="UTF-8"?>
<testng-results skipped="0" failed="0" ignored="0" total="1" passed="1">
  <reporter-output>
  </reporter-output>
  <suite name="Suite" duration-ms="33937" started-at="2019-11-06T08:19:53Z" finished-at="2019-11-06T08:20:27Z">
    <groups>
    </groups>
    <test name="Test" duration-ms="33937" started-at="2019-11-06T08:19:53Z" finished-at="2019-11-06T08:20:27Z">
      <class name="com.atmecs.FrameworkTesting.testscripts.TableTest">
        <test-method status="PASS" signature="intitailizeBrowser(java.lang.String, java.lang.String)[pri:0, instance:com.atmecs.FrameworkTesting.testscripts.TableTest@1a968a59]" name="intitailizeBrowser" is-config="true" duration-ms="15472" started-at="2019-11-06T08:19:53Z" finished-at="2019-11-06T08:20:08Z">
          <params>
            <param index="0">
              <value>
                <![CDATA[chrome]]>
              </value>
            </param>
            <param index="1">
              <value>
                <![CDATA[https://www.toolsqa.com/automation-practice-table/]]>
              </value>
            </param>
          </params>
          <reporter-output>
          </reporter-output>
        </test-method> <!-- intitailizeBrowser -->
        <test-method status="PASS" signature="invoceBrowser()[pri:0, instance:com.atmecs.FrameworkTesting.testscripts.TableTest@1a968a59]" name="invoceBrowser" is-config="true" duration-ms="9541" started-at="2019-11-06T08:20:08Z" finished-at="2019-11-06T08:20:18Z">
          <reporter-output>
          </reporter-output>
        </test-method> <!-- invoceBrowser -->
        <test-method status="PASS" signature="tableTesting()[pri:0, instance:com.atmecs.FrameworkTesting.testscripts.TableTest@1a968a59]" name="tableTesting" duration-ms="7498" started-at="2019-11-06T08:20:18Z" finished-at="2019-11-06T08:20:25Z">
          <reporter-output>
          </reporter-output>
        </test-method> <!-- tableTesting -->
        <test-method status="PASS" signature="endTest()[pri:0, instance:com.atmecs.FrameworkTesting.testscripts.TableTest@1a968a59]" name="endTest" is-config="true" duration-ms="1374" started-at="2019-11-06T08:20:25Z" finished-at="2019-11-06T08:20:27Z">
          <reporter-output>
          </reporter-output>
        </test-method> <!-- endTest -->
      </class> <!-- com.atmecs.FrameworkTesting.testscripts.TableTest -->
    </test> <!-- Test -->
  </suite> <!-- Suite -->
</testng-results>
